test_dimension_staff_details_creation (ut.check_student) ... ok
test_dimension_staff_details_insertion (ut.check_student) ... FAIL
test_dimension_staff_details_validation (ut.check_student) ... ok

======================================================================
FAIL: test_dimension_staff_details_insertion (ut.check_student)
----------------------------------------------------------------------
Traceback (most recent call last):
  File "C:\Users\umapriya.krishnan\Desktop\studentProject_1409\studentProject\backend\src\test\ut.py", line 69, in test
    self.assertEqual(diff==diff1, True,msg=table+ " " + str(set(diff)-set(diff1)))
AssertionError: False != True : dimension_staff_details set()

----------------------------------------------------------------------
Ran 3 tests in 0.147s

FAILED (failures=1)
